<?xml version="1.0" encoding="UTF-8"?>
<!-- Generated by org.testng.reporters.JUnitReportReporter -->
<testsuite skipped="0" hostname="LIN13002607" name="Assertion.HardAssertion" tests="1" failures="0" timestamp="2020-10-28T21:36:27 IST" time="4.235" errors="0">
  <testcase name="verifyTitle" time="4.235" classname="Assertion.HardAssertion"/>
  <system-out/>
</testsuite> <!-- Assertion.HardAssertion -->
