<?xml version="1.0" encoding="UTF-8"?>
<!-- Generated by org.testng.reporters.JUnitReportReporter -->
<testsuite skipped="0" hostname="LIN13002607" name="demo.TestNGGroups" tests="2" failures="0" timestamp="2020-09-19T17:30:13 IST" time="0.047" errors="0">
  <testcase name="Test1" time="0.041" classname="demo.TestNGGroups"/>
  <system-out/>
  <testcase name="Test2" time="0.006" classname="demo.TestNGGroups"/>
  <system-out/>
</testsuite> <!-- demo.TestNGGroups -->
