<?xml version="1.0" encoding="UTF-8"?>
<!-- Generated by org.testng.reporters.JUnitReportReporter -->
<testsuite skipped="1" hostname="LIN13002607" name="utils.TestNGIgnoreDemo" tests="3" failures="0" timestamp="2020-09-19T20:19:51 IST" time="0.121" errors="0">
  <testcase name="test2" time="0.114" classname="utils.TestNGIgnoreDemo"/>
  <system-out/>
  <testcase name="test3" time="0.007" classname="utils.TestNGIgnoreDemo"/>
  <system-out/>
  <testcase name="test1" classname="utils.TestNGIgnoreDemo">
    <skipped/>
  </testcase> <!-- test1 -->
  <system-out/>
</testsuite> <!-- utils.TestNGIgnoreDemo -->
