<?xml version="1.0" encoding="UTF-8"?>
<!-- Generated by org.testng.reporters.JUnitReportReporter -->
<testsuite skipped="0" hostname="LIN13002607" name="listeners.TestNGListenerDemo" tests="3" failures="1" timestamp="2020-09-19T15:51:16 IST" time="0.068" errors="0">
  <testcase name="test2" time="0.009" classname="listeners.TestNGListenerDemo">
    <failure type="junit.framework.AssertionFailedError">
      <![CDATA[junit.framework.AssertionFailedError
at junit.framework.Assert.fail(Assert.java:55)
at junit.framework.Assert.assertTrue(Assert.java:22)
at junit.framework.Assert.assertTrue(Assert.java:31)
at listeners.TestNGListenerDemo.test2(TestNGListenerDemo.java:21)
]]>
    </failure>
  </testcase> <!-- test2 -->
  <system-out/>
  <testcase name="test1" time="0.058" classname="listeners.TestNGListenerDemo"/>
  <system-out/>
  <testcase name="test3" time="0.001" classname="listeners.TestNGListenerDemo"/>
  <system-out/>
</testsuite> <!-- listeners.TestNGListenerDemo -->
